<?xml version="1.0" encoding="UTF-8"?>
<coverage generated="1750195397294" clover="3.2.0">
  <project timestamp="1750195397294" name="All files">
    <metrics statements="31" coveredstatements="29" conditionals="4" coveredconditionals="4" methods="2" coveredmethods="1" elements="37" coveredelements="34" complexity="0" loc="31" ncloc="31" packages="4" files="4" classes="4"/>
    <package name="hackteen-example">
      <metrics statements="10" coveredstatements="10" conditionals="1" coveredconditionals="1" methods="0" coveredmethods="0"/>
      <file name="index.js" path="/home/lenneth/projects/hackteen/hackteen-example/index.js">
        <metrics statements="10" coveredstatements="10" conditionals="1" coveredconditionals="1" methods="0" coveredmethods="0"/>
        <line num="1" count="1" type="stmt"/>
        <line num="2" count="1" type="stmt"/>
        <line num="4" count="1" type="stmt"/>
        <line num="5" count="1" type="stmt"/>
        <line num="7" count="1" type="stmt"/>
        <line num="8" count="1" type="stmt"/>
        <line num="10" count="1" type="cond" truecount="1" falsecount="0"/>
        <line num="11" count="1" type="stmt"/>
        <line num="12" count="1" type="stmt"/>
        <line num="14" count="1" type="stmt"/>
      </file>
    </package>
    <package name="hackteen-example.controllers">
      <metrics statements="14" coveredstatements="12" conditionals="3" coveredconditionals="3" methods="2" coveredmethods="1"/>
      <file name="user.controller.js" path="/home/lenneth/projects/hackteen/hackteen-example/controllers/user.controller.js">
        <metrics statements="14" coveredstatements="12" conditionals="3" coveredconditionals="3" methods="2" coveredmethods="1"/>
        <line num="1" count="1" type="stmt"/>
        <line num="3" count="1" type="cond" truecount="1" falsecount="0"/>
        <line num="4" count="2" type="stmt"/>
        <line num="6" count="2" type="cond" truecount="2" falsecount="0"/>
        <line num="7" count="1" type="stmt"/>
        <line num="8" count="1" type="stmt"/>
        <line num="9" count="1" type="stmt"/>
        <line num="10" count="1" type="stmt"/>
        <line num="11" count="1" type="stmt"/>
        <line num="12" count="1" type="stmt"/>
        <line num="13" count="1" type="stmt"/>
        <line num="15" count="1" type="stmt"/>
        <line num="16" count="0" type="stmt"/>
        <line num="17" count="0" type="stmt"/>
      </file>
    </package>
    <package name="hackteen-example.models">
      <metrics statements="1" coveredstatements="1" conditionals="0" coveredconditionals="0" methods="0" coveredmethods="0"/>
      <file name="user.model.js" path="/home/lenneth/projects/hackteen/hackteen-example/models/user.model.js">
        <metrics statements="1" coveredstatements="1" conditionals="0" coveredconditionals="0" methods="0" coveredmethods="0"/>
        <line num="1" count="1" type="stmt"/>
      </file>
    </package>
    <package name="hackteen-example.routes">
      <metrics statements="6" coveredstatements="6" conditionals="0" coveredconditionals="0" methods="0" coveredmethods="0"/>
      <file name="user.routes.js" path="/home/lenneth/projects/hackteen/hackteen-example/routes/user.routes.js">
        <metrics statements="6" coveredstatements="6" conditionals="0" coveredconditionals="0" methods="0" coveredmethods="0"/>
        <line num="1" count="1" type="stmt"/>
        <line num="2" count="1" type="stmt"/>
        <line num="4" count="1" type="stmt"/>
        <line num="6" count="1" type="stmt"/>
        <line num="7" count="1" type="stmt"/>
        <line num="9" count="1" type="stmt"/>
      </file>
    </package>
  </project>
</coverage>
