{"/home/lenneth/projects/hackteen/hackteen-example/index.js": {"path":"/home/lenneth/projects/hackteen/hackteen-example/index.js","all":false,"statementMap":{"0":{"start":{"line":1,"column":0},"end":{"line":1,"column":30}},"1":{"start":{"line":2,"column":0},"end":{"line":2,"column":49}},"3":{"start":{"line":4,"column":0},"end":{"line":4,"column":18}},"4":{"start":{"line":5,"column":0},"end":{"line":5,"column":22}},"6":{"start":{"line":7,"column":0},"end":{"line":7,"column":24}},"7":{"start":{"line":8,"column":0},"end":{"line":8,"column":34}},"9":{"start":{"line":10,"column":0},"end":{"line":10,"column":24}},"10":{"start":{"line":11,"column":0},"end":{"line":11,"column":63}},"11":{"start":{"line":12,"column":0},"end":{"line":12,"column":3}},"13":{"start":{"line":14,"column":0},"end":{"line":14,"column":19}}},"s":{"0":1,"1":1,"3":1,"4":1,"6":1,"7":1,"9":1,"10":1,"11":1,"13":1},"branchMap":{"0":{"type":"branch","line":10,"loc":{"start":{"line":10,"column":17},"end":{"line":12,"column":2}},"locations":[{"start":{"line":10,"column":17},"end":{"line":12,"column":2}}]}},"b":{"0":[1]},"fnMap":{},"f":{}}
,"/home/lenneth/projects/hackteen/hackteen-example/controllers/user.controller.js": {"path":"/home/lenneth/projects/hackteen/hackteen-example/controllers/user.controller.js","all":false,"statementMap":{"0":{"start":{"line":1,"column":0},"end":{"line":1,"column":48}},"2":{"start":{"line":3,"column":0},"end":{"line":3,"column":41}},"3":{"start":{"line":4,"column":0},"end":{"line":4,"column":35}},"5":{"start":{"line":6,"column":0},"end":{"line":6,"column":24}},"6":{"start":{"line":7,"column":0},"end":{"line":7,"column":77}},"7":{"start":{"line":8,"column":0},"end":{"line":8,"column":3}},"8":{"start":{"line":9,"column":0},"end":{"line":9,"column":53}},"9":{"start":{"line":10,"column":0},"end":{"line":10,"column":21}},"10":{"start":{"line":11,"column":0},"end":{"line":11,"column":64}},"11":{"start":{"line":12,"column":0},"end":{"line":12,"column":29}},"12":{"start":{"line":13,"column":0},"end":{"line":13,"column":2}},"14":{"start":{"line":15,"column":0},"end":{"line":15,"column":39}},"15":{"start":{"line":16,"column":0},"end":{"line":16,"column":18}},"16":{"start":{"line":17,"column":0},"end":{"line":17,"column":2}}},"s":{"0":1,"2":1,"3":2,"5":2,"6":1,"7":1,"8":1,"9":1,"10":1,"11":1,"12":1,"14":1,"15":0,"16":0},"branchMap":{"0":{"type":"branch","line":3,"loc":{"start":{"line":3,"column":26},"end":{"line":13,"column":2}},"locations":[{"start":{"line":3,"column":26},"end":{"line":13,"column":2}}]},"1":{"type":"branch","line":6,"loc":{"start":{"line":6,"column":12},"end":{"line":6,"column":21}},"locations":[{"start":{"line":6,"column":12},"end":{"line":6,"column":21}}]},"2":{"type":"branch","line":6,"loc":{"start":{"line":6,"column":23},"end":{"line":13,"column":2}},"locations":[{"start":{"line":6,"column":23},"end":{"line":13,"column":2}}]}},"b":{"0":[2],"1":[1],"2":[1]},"fnMap":{"0":{"name":"createUser","decl":{"start":{"line":3,"column":26},"end":{"line":13,"column":2}},"loc":{"start":{"line":3,"column":26},"end":{"line":13,"column":2}},"line":3},"1":{"name":"getUsers","decl":{"start":{"line":15,"column":24},"end":{"line":17,"column":2}},"loc":{"start":{"line":15,"column":24},"end":{"line":17,"column":2}},"line":15}},"f":{"0":2,"1":0}}
,"/home/lenneth/projects/hackteen/hackteen-example/models/user.model.js": {"path":"/home/lenneth/projects/hackteen/hackteen-example/models/user.model.js","all":false,"statementMap":{"0":{"start":{"line":1,"column":0},"end":{"line":1,"column":24}}},"s":{"0":1},"branchMap":{},"b":{},"fnMap":{},"f":{}}
,"/home/lenneth/projects/hackteen/hackteen-example/routes/user.routes.js": {"path":"/home/lenneth/projects/hackteen/hackteen-example/routes/user.routes.js","all":false,"statementMap":{"0":{"start":{"line":1,"column":0},"end":{"line":1,"column":30}},"1":{"start":{"line":2,"column":0},"end":{"line":2,"column":73}},"3":{"start":{"line":4,"column":0},"end":{"line":4,"column":32}},"5":{"start":{"line":6,"column":0},"end":{"line":6,"column":29}},"6":{"start":{"line":7,"column":0},"end":{"line":7,"column":26}},"8":{"start":{"line":9,"column":0},"end":{"line":9,"column":22}}},"s":{"0":1,"1":1,"3":1,"5":1,"6":1,"8":1},"branchMap":{},"b":{},"fnMap":{},"f":{}}
}
